<?xml version="1.0" encoding="UTF-8"?>
<!-- Generated by org.testng.reporters.JUnitReportReporter -->
<testsuite hostname="baijingjiaotekiMacBook-Air.local" name="demos.DemoForMongo" tests="1" failures="0" timestamp="19 May 2015 10:46:07 GMT" time="0.562" errors="0">
  <testcase name="testDBConfigBean" time="0.562" classname="demos.DemoForMongo"/>
</testsuite> <!-- demos.DemoForMongo -->
