<?xml version="1.0" encoding="UTF-8"?>
<!-- Generated by org.testng.reporters.JUnitReportReporter -->
<testsuite hostname="baijingjiaotekiMacBook-Air.local" name="demos.demo" tests="1" failures="0" timestamp="18 May 2015 09:21:44 GMT" time="0.928" errors="0">
  <testcase name="testDBConfigBean" time="0.928" classname="demos.demo"/>
</testsuite> <!-- demos.demo -->
