<?xml version="1.0" encoding="UTF-8"?>
<!-- Generated by org.testng.reporters.JUnitReportReporter -->
<testsuite hostname="baijingjiaotekiMacBook-Air.local" name="testnglistener.tests.Test2" tests="1" failures="0" timestamp="1 Jun 2015 07:20:57 GMT" time="0.001" errors="0">
  <testcase name="verify_for_Test2" time="0.001" classname="testnglistener.tests.Test2"/>
</testsuite> <!-- testnglistener.tests.Test2 -->
