<?xml version="1.0" encoding="UTF-8"?>
<!-- Generated by org.testng.reporters.JUnitReportReporter -->
<testsuite hostname="baijingjiaotekiMacBook-Air.local" name="testnglistener.tests.Test1" tests="1" failures="0" timestamp="1 Jun 2015 07:20:57 GMT" time="0.026" errors="0">
  <testcase name="verify_for_Test1" time="0.026" classname="testnglistener.tests.Test1"/>
</testsuite> <!-- testnglistener.tests.Test1 -->
